2012-04-02T09:59:38+00:00 DEBUG (7): <?xml version="1.0" encoding="utf-8"?><error code="404" desc="invalid url given"/>
2012-04-02T10:02:07+00:00 DEBUG (7): <?xml version="1.0" encoding="utf-8"?><error code="404" desc="invalid url given"/>
2012-04-02T10:32:45+00:00 DEBUG (7): <?xml version="1.0" encoding="utf-8"?><error code="404" desc="invalid url given"/>
2012-04-02T10:37:39+00:00 DEBUG (7): <?xml version="1.0" encoding="utf-8"?><error code="404" desc="invalid url given"/>
2012-04-02T10:40:52+00:00 DEBUG (7): <?xml version="1.0" encoding="utf-8"?><error code="404" desc="invalid url given"/>
2012-04-02T10:43:51+00:00 DEBUG (7): <?xml version="1.0" encoding="utf-8"?><error code="404" desc="invalid url given"/>
2012-04-02T10:47:38+00:00 DEBUG (7): <?xml version="1.0" encoding="utf-8"?><error code="404" desc="invalid url given"/>
2012-04-02T10:49:10+00:00 DEBUG (7): <?xml version="1.0" encoding="utf-8"?><error code="404" desc="invalid url given"/>
2012-04-02T10:54:53+00:00 DEBUG (7): <?xml version="1.0" encoding="utf-8"?><error code="404" desc="invalid url given"/>
2012-04-02T10:58:59+00:00 DEBUG (7): <?xml version="1.0" encoding="utf-8"?><error code="404" desc="invalid url given"/>
2012-04-02T11:00:15+00:00 DEBUG (7): <?xml version="1.0" encoding="utf-8"?><error code="404" desc="invalid url given"/>
2012-04-02T11:10:25+00:00 DEBUG (7): Array
(
)

2012-04-02T11:11:51+00:00 DEBUG (7): Array
(
    [xmldata] => <orders><order id=\"100000016\" date=\"2012-04-02\" customer_code=\"5\" customer_name=\"wit kante\" email=\"wit@mail.ru\"><line item=\"00008814500\" price=\"2.9166\" vatcode=\"1\" qty=\"1\" name=\"viilipea plastik\" discount=\"0\" /></order></orders>
    [what] => order
    [put] => 1
)

2012-04-02T11:16:31+00:00 DEBUG (7): Array
(
    [xmldata] => <orders><order id=\'100000017\' date=\'2012-04-02\' customer_code=\'5\' customer_name=\'wit kante\' email=\'wit@mail.ru\'><line item=\'00008814500\' price=\'2.9166\' vatcode=\'1\' qty=\'1\' name=\'viilipea plastik\' discount=\'0\' /></order></orders>
    [what] => order
    [put] => 1
)

2012-04-02T11:18:14+00:00 DEBUG (7): <?xml version="1.0" encoding="utf-8"?><error code="404" desc="invalid url given"/>
2012-04-02T11:24:29+00:00 DEBUG (7): <?xml version="1.0" encoding="utf-8"?><error code="404" desc="invalid url given"/>
2012-04-02T11:26:26+00:00 DEBUG (7): <?xml version="1.0" encoding="utf-8"?><error code="404" desc="invalid url given"/>
2012-04-02T11:28:33+00:00 DEBUG (7): <?xml version="1.0" encoding="utf-8"?><error code="404" desc="invalid url given"/>
2012-04-02T11:31:43+00:00 DEBUG (7): <?xml version="1.0" encoding="utf-8"?><error code="404" desc="invalid url given"/>
2012-04-02T11:35:12+00:00 DEBUG (7): <?xml version="1.0" encoding="utf-8"?><error code="404" desc="invalid url given"/>
2012-04-02T11:55:40+00:00 DEBUG (7): <?xml version="1.0" encoding="utf-8"?><error code="404" desc="invalid url given"/>
2012-04-02T12:00:00+00:00 DEBUG (7): <?xml version="1.0" encoding="UTF-8"?><results><Result Type="0" Desc="OK" docid="100000025" doctype="ORDER" submit="Orders"/></results>
2012-04-02T12:01:50+00:00 DEBUG (7): <?xml version="1.0" encoding="UTF-8"?><results><Result Type="0" Desc="OK" docid="100000026" doctype="ORDER" submit="Orders"/></results>
